Test HyperSeries/Library/Bee/Android/Prj/IL2CPP/Gradle/unityLibrary/build/intermediates/manifest_merge_blame_file/release/manifest-merger-blame-release-report.txt
1<?xml version="1.0" encoding="utf-8"?>
2<manifest xmlns:android="http://schemas.android.com/apk/res/android"
3    xmlns:tools="http://schemas.android.com/tools"
4    package="com.unity3d.player"
5    android:versionCode="1"
6    android:versionName="0.1" >
7
8    <uses-sdk
9        android:minSdkVersion="22"
9-->src\main\AndroidManifest.xml
10        android:targetSdkVersion="34" />
10-->src\main\AndroidManifest.xml
11
12    <uses-feature android:glEsVersion="0x00030000" />
12-->src\main\AndroidManifest.xml:18:3-52
12-->src\main\AndroidManifest.xml:18:17-49
13    <uses-feature
13-->src\main\AndroidManifest.xml:19:3-91
14        android:name="android.hardware.vulkan.version"
14-->src\main\AndroidManifest.xml:19:17-63
15        android:required="false" />
15-->src\main\AndroidManifest.xml:19:64-88
16    <uses-feature
16-->src\main\AndroidManifest.xml:20:3-88
17        android:name="android.hardware.touchscreen"
17-->src\main\AndroidManifest.xml:20:17-60
18        android:required="false" />
18-->src\main\AndroidManifest.xml:20:61-85
19
20    <application android:extractNativeLibs="true" >
20-->src\main\AndroidManifest.xml:3:3-17:17
20-->src\main\AndroidManifest.xml:3:16-48
21        <activity
21-->src\main\AndroidManifest.xml:4:5-11:16
22            android:name="com.unity3d.player.UnityPlayerActivity"
22-->src\main\AndroidManifest.xml:4:15-68
23            android:configChanges="mcc|mnc|locale|touchscreen|keyboard|keyboardHidden|navigation|orientation|screenLayout|uiMode|screenSize|smallestScreenSize|fontScale|layoutDirection|density"
23-->src\main\AndroidManifest.xml:4:180-361
24            android:exported="true"
24-->src\main\AndroidManifest.xml:4:433-456
25            android:hardwareAccelerated="false"
25-->src\main\AndroidManifest.xml:4:397-432
26            android:launchMode="singleTask"
26-->src\main\AndroidManifest.xml:4:148-179
27            android:resizeableActivity="false"
27-->src\main\AndroidManifest.xml:4:362-396
28            android:screenOrientation="fullUser"
28-->src\main\AndroidManifest.xml:4:111-147
29            android:theme="@style/UnityThemeSelector" >
29-->src\main\AndroidManifest.xml:4:69-110
30            <intent-filter>
30-->src\main\AndroidManifest.xml:5:7-8:23
31                <action android:name="android.intent.action.MAIN" />
31-->src\main\AndroidManifest.xml:6:9-61
31-->src\main\AndroidManifest.xml:6:17-58
32
33                <category android:name="android.intent.category.LAUNCHER" />
33-->src\main\AndroidManifest.xml:7:9-69
33-->src\main\AndroidManifest.xml:7:19-66
34            </intent-filter>
35
36            <meta-data
36-->src\main\AndroidManifest.xml:9:7-82
37                android:name="unityplayer.UnityActivity"
37-->src\main\AndroidManifest.xml:9:18-58
38                android:value="true" />
38-->src\main\AndroidManifest.xml:9:59-79
39            <meta-data
39-->src\main\AndroidManifest.xml:10:7-78
40                android:name="android.notch_support"
40-->src\main\AndroidManifest.xml:10:18-54
41                android:value="true" />
41-->src\main\AndroidManifest.xml:10:55-75
42        </activity>
43
44        <meta-data
44-->src\main\AndroidManifest.xml:12:5-69
45            android:name="unity.splash-mode"
45-->src\main\AndroidManifest.xml:12:16-48
46            android:value="0" />
46-->src\main\AndroidManifest.xml:12:49-66
47        <meta-data
47-->src\main\AndroidManifest.xml:13:5-74
48            android:name="unity.splash-enable"
48-->src\main\AndroidManifest.xml:13:16-50
49            android:value="True" />
49-->src\main\AndroidManifest.xml:13:51-71
50        <meta-data
50-->src\main\AndroidManifest.xml:14:5-78
51            android:name="unity.launch-fullscreen"
51-->src\main\AndroidManifest.xml:14:16-54
52            android:value="True" />
52-->src\main\AndroidManifest.xml:14:55-75
53        <meta-data
53-->src\main\AndroidManifest.xml:15:5-84
54            android:name="unity.allow-resizable-window"
54-->src\main\AndroidManifest.xml:15:16-59
55            android:value="False" />
55-->src\main\AndroidManifest.xml:15:60-81
56        <meta-data
56-->src\main\AndroidManifest.xml:16:5-81
57            android:name="notch.config"
57-->src\main\AndroidManifest.xml:16:16-43
58            android:value="portrait|landscape" />
58-->src\main\AndroidManifest.xml:16:44-78
59    </application>
60
61</manifest>